<?xml version="1.0" encoding="UTF-8"?>
<!-- Generated by org.testng.reporters.JUnitXMLReporter -->
<testsuite hostname="Eds-PC" ignored="1" name="RegressionTest1" tests="1" failures="1" timestamp="2020-09-06T14:21:40 EDT" time="0.028" errors="0">
  <testcase name="invalidLogin" time="0.0" classname="com.hrms.testcases.LoginTest">
    <failure type="org.testng.TestNGException" message="
Method public void com.hrms.testcases.LoginTest.invalidLogin(java.lang.String,java.lang.String,java.lang.String) requires a @DataProvider named : invalidCredentials">
      <![CDATA[org.testng.TestNGException: 
Method public void com.hrms.testcases.LoginTest.invalidLogin(java.lang.String,java.lang.String,java.lang.String) requires a @DataProvider named : invalidCredentials
at java.util.ArrayList.forEach(Unknown Source)
... Removed 24 stack frames]]>
    </failure>
  </testcase> <!-- invalidLogin -->
  <testcase name="validLogin" time="0.0" classname="com.hrms.testcases.LoginTest">
    <ignored/>
  </testcase> <!-- validLogin -->
</testsuite> <!-- RegressionTest1 -->
