<?xml version="1.0" encoding="UTF-8"?>
<!-- Generated by org.testng.reporters.JUnitXMLReporter -->
<testsuite hostname="Eds-PC" ignored="0" name="SmokeTest1" tests="2" failures="1" timestamp="2020-09-06T14:15:29 EDT" time="10.61" errors="0">
  <testcase name="invalidLogin" time="0.0" classname="com.hrms.testcases.LoginTest">
    <failure type="org.testng.TestNGException" message="
Method public void com.hrms.testcases.LoginTest.invalidLogin(java.lang.String,java.lang.String,java.lang.String) requires a @DataProvider named : invalidCredentials">
      <![CDATA[org.testng.TestNGException: 
Method public void com.hrms.testcases.LoginTest.invalidLogin(java.lang.String,java.lang.String,java.lang.String) requires a @DataProvider named : invalidCredentials
at java.util.ArrayList.forEach(Unknown Source)
... Removed 24 stack frames]]>
    </failure>
  </testcase> <!-- invalidLogin -->
  <testcase name="validLogin" time="2.277" classname="com.hrms.testcases.LoginTest"/>
</testsuite> <!-- SmokeTest1 -->
