<?xml version="1.0" encoding="UTF-8"?>
<!-- Generated by org.testng.reporters.JUnitXMLReporter -->
<testsuite hostname="Eds-PC" ignored="1" name="RegressionTest1" tests="3" failures="3" timestamp="2020-09-06T14:52:19 EDT" time="24.059" errors="0">
  <testcase name="invalidLogin" time="0.329" classname="com.hrms.testcases.LoginTest">
    <failure type="java.lang.AssertionError" message="expected [case1] but found [Username cannot be empty]">
      <![CDATA[java.lang.AssertionError: expected [case1] but found [Username cannot be empty]
at com.hrms.testcases.LoginTest.invalidLogin(LoginTest.java:31)
at java.util.ArrayList.forEach(Unknown Source)
... Removed 33 stack frames]]>
    </failure>
  </testcase> <!-- invalidLogin -->
  <testcase name="invalidLogin" time="0.282" classname="com.hrms.testcases.LoginTest">
    <failure type="java.lang.AssertionError" message="expected [case2] but found [Password cannot be empty]">
      <![CDATA[java.lang.AssertionError: expected [case2] but found [Password cannot be empty]
at com.hrms.testcases.LoginTest.invalidLogin(LoginTest.java:31)
at java.util.ArrayList.forEach(Unknown Source)
... Removed 33 stack frames]]>
    </failure>
  </testcase> <!-- invalidLogin -->
  <testcase name="invalidLogin" time="1.043" classname="com.hrms.testcases.LoginTest">
    <failure type="java.lang.AssertionError" message="expected [case3] but found [Invalid credentials]">
      <![CDATA[java.lang.AssertionError: expected [case3] but found [Invalid credentials]
at com.hrms.testcases.LoginTest.invalidLogin(LoginTest.java:31)
at java.util.ArrayList.forEach(Unknown Source)
... Removed 33 stack frames]]>
    </failure>
  </testcase> <!-- invalidLogin -->
  <testcase name="validLogin" time="0.0" classname="com.hrms.testcases.LoginTest">
    <ignored/>
  </testcase> <!-- validLogin -->
</testsuite> <!-- RegressionTest1 -->
